#
# There is insufficient memory for the Java Runtime Environment to continue.
# Native memory allocation (malloc) failed to allocate 65552 bytes for Chunk::new
# Possible reasons:
#   The system is out of physical RAM or swap space
#   In 32 bit mode, the process size limit was hit
# Possible solutions:
#   Reduce memory load on the system
#   Increase physical memory or swap space
#   Check if swap backing store is full
#   Use 64 bit Java on a 64 bit OS
#   Decrease Java heap size (-Xmx/-Xms)
#   Decrease number of Java threads
#   Decrease Java thread stack sizes (-Xss)
#   Set larger code cache with -XX:ReservedCodeCacheSize=
# This output file may be truncated or incomplete.
#
#  Out of Memory Error (allocation.cpp:390), pid=8476, tid=0x00000000000003e4
#
# JRE version: Java(TM) SE Runtime Environment (8.0_181-b13) (build 1.8.0_181-b13)
# Java VM: Java HotSpot(TM) 64-Bit Server VM (25.181-b13 mixed mode windows-amd64 compressed oops)
# Failed to write core dump. Minidumps are not enabled by default on client versions of Windows
#

---------------  T H R E A D  ---------------

Current thread (0x0000000015152000):  JavaThread "C2 CompilerThread1" daemon [_thread_in_native, id=996, stack(0x00000000168c0000,0x00000000169c0000)]

Stack: [0x00000000168c0000,0x00000000169c0000]
[error occurred during error reporting (printing stack bounds), id 0xc0000005]

Native frames: (J=compiled Java code, j=interpreted, Vv=VM code, C=native code)


Current CompileTask:
C2:  14191 1129       4       javax.swing.GroupLayout$Group::setSize (60 bytes)


---------------  P R O C E S S  ---------------

Java Threads: ( => current thread )
  0x0000000017358800 JavaThread "D3D Screen Updater" daemon [_thread_blocked, id=6448, stack(0x000000001e750000,0x000000001e850000)]
  0x0000000016db7000 JavaThread "AWT-EventQueue-0" [_thread_blocked, id=8940, stack(0x000000001e450000,0x000000001e550000)]
  0x0000000016b78800 JavaThread "Image Fetcher 0" daemon [_thread_blocked, id=7984, stack(0x000000001e250000,0x000000001e350000)]
  0x0000000016e31000 JavaThread "AWT-Windows" daemon [_thread_in_native, id=9900, stack(0x0000000018110000,0x0000000018210000)]
  0x0000000017246000 JavaThread "AWT-Shutdown" [_thread_blocked, id=3548, stack(0x0000000018010000,0x0000000018110000)]
  0x0000000017245800 JavaThread "Java2D Disposer" daemon [_thread_blocked, id=284, stack(0x0000000017e50000,0x0000000017f50000)]
  0x0000000016bcf800 JavaThread "Abandoned connection cleanup thread" daemon [_thread_blocked, id=4716, stack(0x00000000170c0000,0x00000000171c0000)]
  0x0000000016ae3000 JavaThread "Service Thread" daemon [_thread_blocked, id=3016, stack(0x0000000016ec0000,0x0000000016fc0000)]
  0x0000000015159000 JavaThread "C1 CompilerThread2" daemon [_thread_blocked, id=8028, stack(0x00000000169c0000,0x0000000016ac0000)]
=>0x0000000015152000 JavaThread "C2 CompilerThread1" daemon [_thread_in_native, id=996, stack(0x00000000168c0000,0x00000000169c0000)]
  0x000000001514d000 JavaThread "C2 CompilerThread0" daemon [_thread_blocked, id=8500, stack(0x00000000167c0000,0x00000000168c0000)]
  0x000000001514b800 JavaThread "Attach Listener" daemon [_thread_blocked, id=2864, stack(0x00000000166c0000,0x00000000167c0000)]
  0x000000001514a800 JavaThread "Signal Dispatcher" daemon [_thread_blocked, id=6356, stack(0x00000000165c0000,0x00000000166c0000)]
  0x0000000002fab000 JavaThread "Finalizer" daemon [_thread_blocked, id=8620, stack(0x00000000163d0000,0x00000000164d0000)]
  0x0000000002fa0000 JavaThread "Reference Handler" daemon [_thread_blocked, id=832, stack(0x00000000162d0000,0x00000000163d0000)]
  0x0000000002d4d800 JavaThread "main" [_thread_blocked, id=8276, stack(0x0000000002d50000,0x0000000002e50000)]

Other Threads:
  0x0000000015118000 VMThread [stack: 0x00000000161d0000,0x00000000162d0000] [id=8644]
  0x0000000016aeb800 WatcherThread [stack: 0x0000000016fc0000,0x00000000170c0000] [id=9592]

VM state:not at safepoint (normal execution)

VM Mutex/Monitor currently owned by a thread: None

Heap:
 PSYoungGen      total 16896K, used 13848K [0x00000000eda00000, 0x00000000eec80000, 0x0000000100000000)
  eden space 14848K, 93% used [0x00000000eda00000,0x00000000ee7863e8,0x00000000ee880000)
  from space 2048K, 0% used [0x00000000eea80000,0x00000000eea80000,0x00000000eec80000)
  to   space 2048K, 0% used [0x00000000ee880000,0x00000000ee880000,0x00000000eea80000)
 ParOldGen       total 38400K, used 0K [0x00000000c8e00000, 0x00000000cb380000, 0x00000000eda00000)
  object space 38400K, 0% used [0x00000000c8e00000,0x00000000c8e00000,0x00000000cb380000)
 Metaspace       used 13231K, capacity 13482K, committed 13696K, reserved 1060864K
  class space    used 1551K, capacity 1644K, committed 1664K, reserved 1048576K

Card table byte_map: [0x0000000012370000,0x0000000012530000] byte_map_base: 0x0000000011d29000

Marking Bits: (ParMarkBitMap*) 0x0000000063252d00
 Begin Bits: [0x0000000012a60000, 0x0000000013828000)
 End Bits:   [0x0000000013828000, 0x00000000145f0000)

Polling page: 0x0000000002d30000

CodeCache: size=245760Kb used=3604Kb max_used=3604Kb free=242155Kb
 bounds [0x0000000002fb0000, 0x0000000003340000, 0x0000000011fb0000]
 total_blobs=1638 nmethods=1121 adapters=429
 compilation: enabled

Compilation events (10 events):
Event: 14.104 Thread 0x000000001514d000 nmethod 1128 0x00000000032b0390 code [0x00000000032b04c0, 0x00000000032b0558]
Event: 14.106 Thread 0x000000001514d000 1130       4       sun.java2d.pipe.RenderBuffer::putLong (26 bytes)
Event: 14.107 Thread 0x000000001514d000 nmethod 1130 0x000000000332ce50 code [0x000000000332cf80, 0x000000000332d018]
Event: 14.108 Thread 0x0000000015159000 1131       3       sun.java2d.loops.ProcessPath$FillData::setEnded (29 bytes)
Event: 14.109 Thread 0x0000000015159000 nmethod 1131 0x000000000332c7d0 code [0x000000000332c960, 0x000000000332cd38]
Event: 14.133 Thread 0x0000000015159000 1132       3       java.awt.Component::bounds (24 bytes)
Event: 14.133 Thread 0x000000001514d000 1133       4       javax.swing.GroupLayout$AutoPreferredGapSpring::unset (18 bytes)
Event: 14.134 Thread 0x0000000015159000 nmethod 1132 0x000000000332c150 code [0x000000000332c2c0, 0x000000000332c610]
Event: 14.134 Thread 0x000000001514d000 nmethod 1133 0x00000000030b1e90 code [0x00000000030b1fc0, 0x00000000030b2038]
Event: 14.135 Thread 0x0000000015159000 1135       3       sun.java2d.pipe.BufferedContext::setClip (299 bytes)

GC Heap History (0 events):
No events

Deoptimization events (4 events):
Event: 0.783 Thread 0x0000000002d4d800 Uncommon trap: reason=unstable_if action=reinterpret pc=0x000000000315a324 method=java.util.Properties.loadConvert([CII[C)Ljava/lang/String; @ 4
Event: 1.255 Thread 0x0000000002d4d800 Uncommon trap: reason=class_check action=maybe_recompile pc=0x000000000315b05c method=java.util.Properties$LineReader.readLine()I @ 62
Event: 1.255 Thread 0x0000000002d4d800 Uncommon trap: reason=unstable_if action=reinterpret pc=0x0000000003154284 method=java.util.Properties$LineReader.readLine()I @ 252
Event: 1.256 Thread 0x0000000002d4d800 Uncommon trap: reason=unstable_if action=reinterpret pc=0x000000000315af0c method=java.util.Properties$LineReader.readLine()I @ 252

Classes redefined (0 events):
No events

Internal exceptions (10 events):
Event: 0.510 Thread 0x0000000002d4d800 Exception <a 'java/lang/NoSuchFieldError': method resolution failed> (0x00000000edc954e8) thrown at [C:\re\workspace\8-2-build-windows-amd64-cygwin\jdk8u181\11358\hotspot\src\share\vm\prims\methodHandles.cpp, line 1167]
Event: 0.548 Thread 0x0000000002d4d800 Exception <a 'java/lang/NoSuchFieldError': method resolution failed> (0x00000000edca2a20) thrown at [C:\re\workspace\8-2-build-windows-amd64-cygwin\jdk8u181\11358\hotspot\src\share\vm\prims\methodHandles.cpp, line 1167]
Event: 2.295 Thread 0x0000000002d4d800 Exception <a 'java/net/ConnectException': Connection refused: connect> (0x00000000ee11c1e8) thrown at [C:\re\workspace\8-2-build-windows-amd64-cygwin\jdk8u181\11358\hotspot\src\share\vm\prims\jni.cpp, line 735]
Event: 3.298 Thread 0x0000000002d4d800 Exception <a 'java/net/ConnectException': Connection refused: connect> (0x00000000ee11cb40) thrown at [C:\re\workspace\8-2-build-windows-amd64-cygwin\jdk8u181\11358\hotspot\src\share\vm\prims\jni.cpp, line 735]
Event: 4.326 Thread 0x0000000002d4d800 Exception <a 'java/net/ConnectException': Connection refused: connect> (0x00000000ee148c20) thrown at [C:\re\workspace\8-2-build-windows-amd64-cygwin\jdk8u181\11358\hotspot\src\share\vm\prims\jni.cpp, line 735]
Event: 5.333 Thread 0x0000000002d4d800 Exception <a 'java/net/ConnectException': Connection refused: connect> (0x00000000ee1494f0) thrown at [C:\re\workspace\8-2-build-windows-amd64-cygwin\jdk8u181\11358\hotspot\src\share\vm\prims\jni.cpp, line 735]
Event: 8.334 Thread 0x0000000002d4d800 Exception <a 'java/net/ConnectException': Connection refused: connect> (0x00000000ee14db50) thrown at [C:\re\workspace\8-2-build-windows-amd64-cygwin\jdk8u181\11358\hotspot\src\share\vm\prims\jni.cpp, line 735]
Event: 9.336 Thread 0x0000000002d4d800 Exception <a 'java/net/ConnectException': Connection refused: connect> (0x00000000ee14e420) thrown at [C:\re\workspace\8-2-build-windows-amd64-cygwin\jdk8u181\11358\hotspot\src\share\vm\prims\jni.cpp, line 735]
Event: 11.376 Thread 0x0000000002d4d800 Exception <a 'java/io/FileNotFoundException'> (0x00000000ee189418) thrown at [C:\re\workspace\8-2-build-windows-amd64-cygwin\jdk8u181\11358\hotspot\src\share\vm\prims\jni.cpp, line 709]
Event: 11.423 Thread 0x0000000002d4d800 Exception <a 'java/io/FileNotFoundException'> (0x00000000ee1ad170) thrown at [C:\re\workspace\8-2-build-windows-amd64-cygwin\jdk8u181\11358\hotspot\src\share\vm\prims\jni.cpp, line 709]

Events (10 events):
Event: 12.093 Executing VM operation: RevokeBias done
Event: 12.096 Executing VM operation: RevokeBias
Event: 12.096 Executing VM operation: RevokeBias done
Event: 12.096 Executing VM operation: RevokeBias
Event: 12.096 Executing VM operation: RevokeBias done
Event: 12.096 Executing VM operation: RevokeBias
Event: 12.096 Executing VM operation: RevokeBias done
Event: 13.502 Thread 0x0000000015159000 flushing nmethod 0x00000000030b1e90
Event: 13.503 Thread 0x0000000015159000 flushing nmethod 0x0000000003153b50
Event: 13.503 Thread 0x0000000015159000 flushing nmethod 0x000000000315a990


Dynamic libraries:
0x00007ff73fe10000 - 0x00007ff73fe47000 	C:\Program Files\Java\jdk1.8.0_181\bin\java.exe
0x00007ff8ab800000 - 0x00007ff8ab9e1000 	C:\WINDOWS\SYSTEM32\ntdll.dll
0x00007ff8a8cf0000 - 0x00007ff8a8da2000 	C:\WINDOWS\System32\KERNEL32.DLL
0x00007ff8a7c50000 - 0x00007ff8a7ec3000 	C:\WINDOWS\System32\KERNELBASE.dll
0x00007ff8aaf10000 - 0x00007ff8aafb1000 	C:\WINDOWS\System32\ADVAPI32.dll
0x00007ff8a9860000 - 0x00007ff8a98fe000 	C:\WINDOWS\System32\msvcrt.dll
0x00007ff8ab770000 - 0x00007ff8ab7cb000 	C:\WINDOWS\System32\sechost.dll
0x00007ff8a9730000 - 0x00007ff8a9854000 	C:\WINDOWS\System32\RPCRT4.dll
0x00007ff8ab530000 - 0x00007ff8ab6c0000 	C:\WINDOWS\System32\USER32.dll
0x00007ff8a8980000 - 0x00007ff8a89a0000 	C:\WINDOWS\System32\win32u.dll
0x00007ff8ab500000 - 0x00007ff8ab528000 	C:\WINDOWS\System32\GDI32.dll
0x00007ff8a8a40000 - 0x00007ff8a8bd2000 	C:\WINDOWS\System32\gdi32full.dll
0x00007ff8a89a0000 - 0x00007ff8a8a3f000 	C:\WINDOWS\System32\msvcp_win.dll
0x00007ff8a7ed0000 - 0x00007ff8a7fca000 	C:\WINDOWS\System32\ucrtbase.dll
0x00007ff898d60000 - 0x00007ff898fc9000 	C:\WINDOWS\WinSxS\amd64_microsoft.windows.common-controls_6595b64144ccf1df_6.0.17134.345_none_fb429a5930656358\COMCTL32.dll
0x00007ff8ab1d0000 - 0x00007ff8ab4f3000 	C:\WINDOWS\System32\combase.dll
0x00007ff8a7bd0000 - 0x00007ff8a7c4a000 	C:\WINDOWS\System32\bcryptPrimitives.dll
0x00007ff8a8e10000 - 0x00007ff8a8e3d000 	C:\WINDOWS\System32\IMM32.DLL
0x0000000062950000 - 0x0000000062a22000 	C:\Program Files\Java\jdk1.8.0_181\jre\bin\msvcr100.dll
0x0000000062a30000 - 0x00000000632d2000 	C:\Program Files\Java\jdk1.8.0_181\jre\bin\server\jvm.dll
0x00007ff8ab140000 - 0x00007ff8ab148000 	C:\WINDOWS\System32\PSAPI.DLL
0x00007ff89af20000 - 0x00007ff89af29000 	C:\WINDOWS\SYSTEM32\WSOCK32.dll
0x00007ff8a1840000 - 0x00007ff8a1863000 	C:\WINDOWS\SYSTEM32\WINMM.dll
0x00007ff89f670000 - 0x00007ff89f67a000 	C:\WINDOWS\SYSTEM32\VERSION.dll
0x00007ff8ab160000 - 0x00007ff8ab1cc000 	C:\WINDOWS\System32\WS2_32.dll
0x00007ff8a1810000 - 0x00007ff8a183a000 	C:\WINDOWS\SYSTEM32\winmmbase.dll
0x00007ff8a8930000 - 0x00007ff8a8979000 	C:\WINDOWS\System32\cfgmgr32.dll
0x00000000676f0000 - 0x00000000676ff000 	C:\Program Files\Java\jdk1.8.0_181\jre\bin\verify.dll
0x00000000676c0000 - 0x00000000676e9000 	C:\Program Files\Java\jdk1.8.0_181\jre\bin\java.dll
0x0000000062930000 - 0x0000000062946000 	C:\Program Files\Java\jdk1.8.0_181\jre\bin\zip.dll
0x00007ff8a9910000 - 0x00007ff8aad4f000 	C:\WINDOWS\System32\SHELL32.dll
0x00007ff8ab6c0000 - 0x00007ff8ab769000 	C:\WINDOWS\System32\shcore.dll
0x00007ff8a81c0000 - 0x00007ff8a88cd000 	C:\WINDOWS\System32\windows.storage.dll
0x00007ff8a8c90000 - 0x00007ff8a8ce1000 	C:\WINDOWS\System32\shlwapi.dll
0x00007ff8a7bb0000 - 0x00007ff8a7bc1000 	C:\WINDOWS\System32\kernel.appcore.dll
0x00007ff8a7b90000 - 0x00007ff8a7baf000 	C:\WINDOWS\System32\profapi.dll
0x00007ff8a7b10000 - 0x00007ff8a7b5c000 	C:\WINDOWS\System32\powrprof.dll
0x00007ff8a7b60000 - 0x00007ff8a7b6a000 	C:\WINDOWS\System32\FLTLIB.DLL
0x0000000062910000 - 0x000000006292a000 	C:\Program Files\Java\jdk1.8.0_181\jre\bin\net.dll
0x00007ff8a7390000 - 0x00007ff8a73f6000 	C:\WINDOWS\system32\mswsock.dll
0x00007ff8a7150000 - 0x00007ff8a720e000 	C:\WINDOWS\SYSTEM32\DNSAPI.dll
0x00007ff8ab150000 - 0x00007ff8ab158000 	C:\WINDOWS\System32\NSI.dll
0x00007ff8a7110000 - 0x00007ff8a7148000 	C:\WINDOWS\SYSTEM32\IPHLPAPI.DLL
0x00007ff8a1290000 - 0x00007ff8a129a000 	C:\Windows\System32\rasadhlp.dll
0x00007ff8a1660000 - 0x00007ff8a16d2000 	C:\WINDOWS\System32\fwpuclnt.dll
0x00007ff8a7670000 - 0x00007ff8a7695000 	C:\WINDOWS\SYSTEM32\bcrypt.dll
0x0000000062750000 - 0x00000000628e9000 	C:\Program Files\Java\jdk1.8.0_181\jre\bin\awt.dll
0x00007ff8a91f0000 - 0x00007ff8a92b2000 	C:\WINDOWS\System32\OLEAUT32.dll
0x00007ff8a39a0000 - 0x00007ff8a3a2b000 	C:\WINDOWS\SYSTEM32\apphelp.dll
0x00007ff8a62a0000 - 0x00007ff8a62c9000 	C:\WINDOWS\system32\DWMAPI.DLL
0x00007ff8a61c0000 - 0x00007ff8a6258000 	C:\WINDOWS\system32\uxtheme.dll
0x00007ff87b5f0000 - 0x00007ff87b710000 	C:\WINDOWS\system32\opengl32.dll
0x00007ff891660000 - 0x00007ff89168c000 	C:\WINDOWS\SYSTEM32\GLU32.dll
0x00007ff8aafc0000 - 0x00007ff8ab134000 	C:\WINDOWS\System32\MSCTF.dll
0x00007ff8aad50000 - 0x00007ff8aaea1000 	C:\WINDOWS\System32\ole32.dll
0x00007ff896d10000 - 0x00007ff896ea7000 	C:\WINDOWS\system32\d3d9.dll
0x00007ff8a0200000 - 0x00007ff8a03ed000 	C:\WINDOWS\System32\DriverStore\FileRepository\c0328911.inf_amd64_a81756cbffedb936\B328940\aticfx64.dll
0x00007ff88d200000 - 0x00007ff88d22e000 	C:\WINDOWS\System32\DriverStore\FileRepository\c0328911.inf_amd64_a81756cbffedb936\B328940\atiu9p64.dll
0x00007ff876fb0000 - 0x00007ff877bd0000 	C:\WINDOWS\System32\DriverStore\FileRepository\c0328911.inf_amd64_a81756cbffedb936\B328940\atiumd64.dll
0x0000000063440000 - 0x00000000640c6000 	C:\WINDOWS\System32\DriverStore\FileRepository\c0328911.inf_amd64_a81756cbffedb936\B328940\atiumd6a.dll
0x00007ff8a5b80000 - 0x00007ff8a5ba9000 	C:\WINDOWS\SYSTEM32\amdihk64.dll
0x00000000625d0000 - 0x0000000062601000 	C:\Program Files\Java\jdk1.8.0_181\jre\bin\jpeg.dll
0x0000000062700000 - 0x0000000062747000 	C:\Program Files\Java\jdk1.8.0_181\jre\bin\fontmanager.dll
0x00000000628f0000 - 0x0000000062901000 	C:\Program Files\Java\jdk1.8.0_181\jre\bin\nio.dll
0x00000000626b0000 - 0x00000000626f2000 	C:\Program Files\Java\jdk1.8.0_181\jre\bin\t2k.dll
0x00007ff8a4150000 - 0x00007ff8a41e7000 	C:\WINDOWS\System32\TextInputFramework.dll
0x00007ff898830000 - 0x00007ff898b4e000 	C:\WINDOWS\System32\CoreUIComponents.dll
0x00007ff8a2270000 - 0x00007ff8a234a000 	C:\WINDOWS\System32\CoreMessaging.dll
0x00007ff8a6c00000 - 0x00007ff8a6c31000 	C:\WINDOWS\SYSTEM32\ntmarta.dll
0x00007ff8a58b0000 - 0x00007ff8a59fd000 	C:\WINDOWS\SYSTEM32\wintypes.dll
0x0000000062670000 - 0x000000006269a000 	C:\Program Files\Java\jdk1.8.0_181\jre\bin\dcpr.dll
0x00007ff8a90d0000 - 0x00007ff8a9170000 	C:\WINDOWS\System32\clbcatq.dll

VM Arguments:
jvm_args: -Dfile.encoding=UTF-8 
java_command: icusystem.ICUsystem
java_class_path (initial): C:\Users\kasha\Desktop\mysql-connector-java-8.0.12\mysql-connector-java-8.0.12\mysql-connector-java-8.0.12.jar;E:\NetBeansProject\ICUsystem\build\classes
Launcher Type: SUN_STANDARD

Environment Variables:
PATH=C:\Program Files (x86)\Common Files\Oracle\Java\javapath;C:\WINDOWS\system32;C:\WINDOWS;C:\WINDOWS\System32\Wbem;C:\WINDOWS\System32\WindowsPowerShell\v1.0\;C:\WINDOWS\System32\OpenSSH\;C:\Program Files\Git\cmd;C:\Program Files\Git\mingw64\bin;C:\Program Files\Git\usr\bin;E:\laragon\bin\php\php-7.1.20-Win32-VC14-x64;C:\composer;C:\Users\kasha\AppData\Local\Microsoft\WindowsApps;;C:\Users\kasha\AppData\Local\Programs\Microsoft VS Code\bin;C:\Users\kasha\AppData\Roaming\Composer\vendor\bin
USERNAME=kasha
OS=Windows_NT
PROCESSOR_IDENTIFIER=AMD64 Family 22 Model 48 Stepping 1, AuthenticAMD



---------------  S Y S T E M  ---------------

OS: Windows 10.0 , 64 bit Build 17134 (10.0.17134.1)

CPU:total 4 (initial active 4) (4 cores per cpu, 1 threads per core) family 22 model 48 stepping 1, cmov, cx8, fxsr, mmx, sse, sse2, sse3, ssse3, sse4.1, sse4.2, popcnt, avx, aes, clmul, mmxext, 3dnowpref, lzcnt, sse4a, tsc, tscinvbit, tscinv, bmi1

Memory: 4k page, physical 3604836k(510748k free), swap 4972900k(1372k free)

vm_info: Java HotSpot(TM) 64-Bit Server VM (25.181-b13) for windows-amd64 JRE (1.8.0_181-b13), built on Jul  7 2018 04:01:33 by "java_re" with MS VC++ 10.0 (VS2010)

time: Sat Oct 13 17:27:46 2018
elapsed time: 14 seconds (0d 0h 0m 14s)

