#
# There is insufficient memory for the Java Runtime Environment to continue.
# Native memory allocation (malloc) failed to allocate 1048576 bytes for AllocateHeap
# Possible reasons:
#   The system is out of physical RAM or swap space
#   In 32 bit mode, the process size limit was hit
# Possible solutions:
#   Reduce memory load on the system
#   Increase physical memory or swap space
#   Check if swap backing store is full
#   Use 64 bit Java on a 64 bit OS
#   Decrease Java heap size (-Xmx/-Xms)
#   Decrease number of Java threads
#   Decrease Java thread stack sizes (-Xss)
#   Set larger code cache with -XX:ReservedCodeCacheSize=
# This output file may be truncated or incomplete.
#
#  Out of Memory Error (memory/allocation.inline.hpp:61), pid=5460, tid=0x000000000000032c
#
# JRE version:  (8.0_181-b13) (build )
# Java VM: Java HotSpot(TM) 64-Bit Server VM (25.181-b13 mixed mode windows-amd64 compressed oops)
# Failed to write core dump. Minidumps are not enabled by default on client versions of Windows
#

---------------  T H R E A D  ---------------

Current thread (0x00000000026fe000):  JavaThread "Unknown thread" [_thread_in_vm, id=812, stack(0x0000000002520000,0x0000000002620000)]

Stack: [0x0000000002520000,0x0000000002620000]
[error occurred during error reporting (printing stack bounds), id 0xc0000005]

Native frames: (J=compiled Java code, j=interpreted, Vv=VM code, C=native code)


---------------  P R O C E S S  ---------------

Java Threads: ( => current thread )

Other Threads:

=>0x00000000026fe000 (exited) JavaThread "Unknown thread" [_thread_in_vm, id=812, stack(0x0000000002520000,0x0000000002620000)]

VM state:not at safepoint (normal execution)

VM Mutex/Monitor currently owned by a thread: None

Heap:
 PSYoungGen      total 16896K, used 296K [0x00000000eda00000, 0x00000000eec80000, 0x0000000100000000)
  eden space 14848K, 2% used [0x00000000eda00000,0x00000000eda4a3e0,0x00000000ee880000)
  from space 2048K, 0% used [0x00000000eea80000,0x00000000eea80000,0x00000000eec80000)
  to   space 2048K, 0% used [0x00000000ee880000,0x00000000ee880000,0x00000000eea80000)
 ParOldGen       total 38400K, used 0K [0x00000000c8e00000, 0x00000000cb380000, 0x00000000eda00000)
  object space 38400K, 0% used [0x00000000c8e00000,0x00000000c8e00000,0x00000000cb380000)
 Metaspace       used 775K, capacity 4480K, committed 4480K, reserved 1056768K
  class space    used 76K, capacity 384K, committed 384K, reserved 1048576K

Card table byte_map: [0x0000000011bc0000,0x0000000011d80000] byte_map_base: 0x0000000011579000

Marking Bits: (ParMarkBitMap*) 0x00000000753e2d00
 Begin Bits: [0x00000000122b0000, 0x0000000013078000)
 End Bits:   [0x0000000013078000, 0x0000000013e40000)

Polling page: 0x0000000000770000

CodeCache: size=245760Kb used=327Kb max_used=327Kb free=245432Kb
 bounds [0x0000000002800000, 0x0000000002a70000, 0x0000000011800000]
 total_blobs=57 nmethods=0 adapters=38
 compilation: enabled

Compilation events (0 events):
No events

GC Heap History (0 events):
No events

Deoptimization events (0 events):
No events

Classes redefined (0 events):
No events

Internal exceptions (0 events):
No events

Events (10 events):
Event: 0.685 loading class java/lang/Short
Event: 0.685 loading class java/lang/Short done
Event: 0.685 loading class java/lang/Integer
Event: 0.685 loading class java/lang/Integer done
Event: 0.685 loading class java/lang/Long
Event: 0.685 loading class java/lang/Long done
Event: 0.687 loading class java/lang/NullPointerException
Event: 0.687 loading class java/lang/NullPointerException done
Event: 0.687 loading class java/lang/ArithmeticException
Event: 0.687 loading class java/lang/ArithmeticException done


Dynamic libraries:
0x00007ff77f280000 - 0x00007ff77f2b7000 	C:\Program Files\Java\jdk1.8.0_181\bin\java.exe
0x00007ff86ef10000 - 0x00007ff86f0f1000 	C:\WINDOWS\SYSTEM32\ntdll.dll
0x00007ff86e3a0000 - 0x00007ff86e452000 	C:\WINDOWS\System32\KERNEL32.DLL
0x00007ff86bf00000 - 0x00007ff86c173000 	C:\WINDOWS\System32\KERNELBASE.dll
0x00007ff86c7b0000 - 0x00007ff86c851000 	C:\WINDOWS\System32\ADVAPI32.dll
0x00007ff86e210000 - 0x00007ff86e2ae000 	C:\WINDOWS\System32\msvcrt.dll
0x00007ff86c3a0000 - 0x00007ff86c3fb000 	C:\WINDOWS\System32\sechost.dll
0x00007ff86c650000 - 0x00007ff86c774000 	C:\WINDOWS\System32\RPCRT4.dll
0x00007ff86e460000 - 0x00007ff86e5f0000 	C:\WINDOWS\System32\USER32.dll
0x00007ff86c380000 - 0x00007ff86c3a0000 	C:\WINDOWS\System32\win32u.dll
0x00007ff86e060000 - 0x00007ff86e088000 	C:\WINDOWS\System32\GDI32.dll
0x00007ff86bc40000 - 0x00007ff86bdd2000 	C:\WINDOWS\System32\gdi32full.dll
0x00007ff86be60000 - 0x00007ff86beff000 	C:\WINDOWS\System32\msvcp_win.dll
0x00007ff86c180000 - 0x00007ff86c27a000 	C:\WINDOWS\System32\ucrtbase.dll
0x00007ff863d70000 - 0x00007ff863fd9000 	C:\WINDOWS\WinSxS\amd64_microsoft.windows.common-controls_6595b64144ccf1df_6.0.17134.345_none_fb429a5930656358\COMCTL32.dll
0x00007ff86e660000 - 0x00007ff86e983000 	C:\WINDOWS\System32\combase.dll
0x00007ff86bde0000 - 0x00007ff86be5a000 	C:\WINDOWS\System32\bcryptPrimitives.dll
0x00007ff86c780000 - 0x00007ff86c7ad000 	C:\WINDOWS\System32\IMM32.DLL
0x0000000077dc0000 - 0x0000000077e92000 	C:\Program Files\Java\jdk1.8.0_181\jre\bin\msvcr100.dll
0x0000000074bc0000 - 0x0000000075462000 	C:\Program Files\Java\jdk1.8.0_181\jre\bin\server\jvm.dll
0x00007ff86e5f0000 - 0x00007ff86e5f8000 	C:\WINDOWS\System32\PSAPI.DLL
0x00007ff8648f0000 - 0x00007ff864913000 	C:\WINDOWS\SYSTEM32\WINMM.dll
0x00007ff865aa0000 - 0x00007ff865aaa000 	C:\WINDOWS\SYSTEM32\VERSION.dll
0x00007ff85f3b0000 - 0x00007ff85f3b9000 	C:\WINDOWS\SYSTEM32\WSOCK32.dll
0x00007ff86e2b0000 - 0x00007ff86e31c000 	C:\WINDOWS\System32\WS2_32.dll
0x00007ff8648c0000 - 0x00007ff8648ea000 	C:\WINDOWS\SYSTEM32\winmmbase.dll
0x00007ff86c330000 - 0x00007ff86c379000 	C:\WINDOWS\System32\cfgmgr32.dll
0x0000000052290000 - 0x000000005229f000 	C:\Program Files\Java\jdk1.8.0_181\jre\bin\verify.dll
0x0000000052210000 - 0x0000000052239000 	C:\Program Files\Java\jdk1.8.0_181\jre\bin\java.dll
0x0000000077d60000 - 0x0000000077d76000 	C:\Program Files\Java\jdk1.8.0_181\jre\bin\zip.dll

VM Arguments:
jvm_args: -Dfile.encoding=UTF-8 
java_command: icusystem.ICUsystem
java_class_path (initial): C:\Users\kasha\Desktop\mysql-connector-java-8.0.12\mysql-connector-java-8.0.12\mysql-connector-java-8.0.12.jar;E:\NetBeansProject\ICUsystem\build\classes
Launcher Type: SUN_STANDARD

Environment Variables:
PATH=C:\Program Files (x86)\Common Files\Oracle\Java\javapath;C:\WINDOWS\system32;C:\WINDOWS;C:\WINDOWS\System32\Wbem;C:\WINDOWS\System32\WindowsPowerShell\v1.0\;C:\WINDOWS\System32\OpenSSH\;C:\Program Files\Git\cmd;C:\Program Files\Git\mingw64\bin;C:\Program Files\Git\usr\bin;E:\laragon\bin\php\php-7.1.20-Win32-VC14-x64;C:\composer;C:\Users\kasha\AppData\Local\Microsoft\WindowsApps;;C:\Users\kasha\AppData\Local\Programs\Microsoft VS Code\bin;C:\Users\kasha\AppData\Roaming\Composer\vendor\bin
USERNAME=kasha
OS=Windows_NT
PROCESSOR_IDENTIFIER=AMD64 Family 22 Model 48 Stepping 1, AuthenticAMD



---------------  S Y S T E M  ---------------

OS: Windows 10.0 , 64 bit Build 17134 (10.0.17134.1)

CPU:total 4 (initial active 4) (4 cores per cpu, 1 threads per core) family 22 model 48 stepping 1, cmov, cx8, fxsr, mmx, sse, sse2, sse3, ssse3, sse4.1, sse4.2, popcnt, avx, aes, clmul, mmxext, 3dnowpref, lzcnt, sse4a, tsc, tscinvbit, tscinv, bmi1

Memory: 4k page, physical 3604836k(425312k free), swap 4972900k(43352k free)

vm_info: Java HotSpot(TM) 64-Bit Server VM (25.181-b13) for windows-amd64 JRE (1.8.0_181-b13), built on Jul  7 2018 04:01:33 by "java_re" with MS VC++ 10.0 (VS2010)

time: Sat Oct 13 19:24:43 2018
elapsed time: 1 seconds (0d 0h 0m 1s)

